Daily update at Sat Oct 25 17:06:49 UTC 2025
Daily update at Sun Oct 26 06:53:04 UTC 2025
Daily update at Mon Oct 27 06:57:37 UTC 2025
Daily update at Tue Oct 28 06:55:48 UTC 2025
Daily update at Wed Oct 29 06:56:02 UTC 2025
Daily update at Thu Oct 30 06:53:54 UTC 2025
Daily update at Fri Oct 31 06:54:36 UTC 2025
Daily update at Sat Nov  1 06:50:53 UTC 2025
Daily update at Sun Nov  2 06:51:55 UTC 2025
Daily update at Mon Nov  3 06:55:55 UTC 2025
Daily update at Tue Nov  4 06:55:48 UTC 2025
Daily update at Wed Nov  5 06:55:05 UTC 2025
Daily update at Thu Nov  6 06:55:46 UTC 2025
Daily update at Fri Nov  7 06:54:52 UTC 2025
Daily update at Sat Nov  8 06:51:10 UTC 2025
Daily update at Sun Nov  9 06:51:29 UTC 2025
Daily update at Mon Nov 10 06:56:05 UTC 2025
Daily update at Tue Nov 11 06:55:49 UTC 2025
Daily update at Wed Nov 12 06:55:41 UTC 2025
Daily update at Thu Nov 13 06:55:35 UTC 2025
Daily update at Fri Nov 14 06:55:21 UTC 2025
Daily update at Sat Nov 15 06:51:09 UTC 2025
Daily update at Sun Nov 16 06:52:34 UTC 2025
Daily update at Mon Nov 17 06:55:42 UTC 2025
Daily update at Tue Nov 18 06:54:41 UTC 2025
Daily update at Wed Nov 19 06:54:40 UTC 2025
Daily update at Thu Nov 20 06:54:32 UTC 2025
Daily update at Fri Nov 21 06:56:44 UTC 2025
Daily update at Sat Nov 22 06:51:40 UTC 2025
Daily update at Sun Nov 23 06:53:12 UTC 2025
Daily update at Mon Nov 24 06:56:03 UTC 2025
Daily update at Tue Nov 25 06:57:41 UTC 2025
Daily update at Wed Nov 26 06:56:41 UTC 2025
Daily update at Thu Nov 27 06:57:18 UTC 2025
Daily update at Fri Nov 28 06:56:41 UTC 2025
Daily update at Sat Nov 29 06:53:33 UTC 2025
Daily update at Sun Nov 30 06:54:04 UTC 2025
Daily update at Mon Dec  1 06:58:57 UTC 2025
Daily update at Tue Dec  2 06:58:08 UTC 2025
Daily update at Wed Dec  3 06:57:57 UTC 2025
Daily update at Thu Dec  4 06:57:49 UTC 2025
Daily update at Fri Dec  5 06:58:14 UTC 2025
Daily update at Sat Dec  6 06:52:40 UTC 2025
Daily update at Sun Dec  7 06:52:37 UTC 2025
Daily update at Mon Dec  8 07:00:17 UTC 2025
Daily update at Tue Dec  9 06:58:30 UTC 2025
Daily update at Wed Dec 10 06:58:57 UTC 2025
